{"level":"info","message":"Server is running on PORT 3001","timestamp":"2025-10-08T19:06:28.868Z"}
{"level":"info","message":"inngest endpoint available at http://localhost:3001/api/inngest","timestamp":"2025-10-08T19:06:28.870Z"}
{"level":"info","message":"Server is running on PORT 3001","timestamp":"2025-10-08T19:06:28.903Z"}
{"level":"info","message":"inngest endpoint available at http://localhost:3001/api/inngest","timestamp":"2025-10-08T19:06:28.905Z"}
{"level":"info","message":"Server is running on PORT 3001","timestamp":"2025-10-08T19:06:37.023Z"}
{"level":"info","message":"inngest endpoint available at http://localhost:3001/api/inngest","timestamp":"2025-10-08T19:06:37.026Z"}
{"level":"info","message":"Server is running on PORT 3001","timestamp":"2025-10-08T19:06:37.054Z"}
{"level":"info","message":"inngest endpoint available at http://localhost:3001/api/inngest","timestamp":"2025-10-08T19:06:37.057Z"}
{"level":"info","message":"Server is running on PORT 3001","timestamp":"2025-10-08T19:07:24.948Z"}
{"level":"info","message":"inngest endpoint available at http://localhost:3001/api/inngest","timestamp":"2025-10-08T19:07:24.951Z"}
{"level":"info","message":"Server is running on PORT 3001","timestamp":"2025-10-08T19:07:24.994Z"}
{"level":"info","message":"inngest endpoint available at http://localhost:3001/api/inngest","timestamp":"2025-10-08T19:07:24.996Z"}
{"level":"info","message":"Server is running on PORT 3001","timestamp":"2025-10-08T19:09:07.860Z"}
{"level":"info","message":"inngest endpoint available at http://localhost:3001/api/inngest","timestamp":"2025-10-08T19:09:07.862Z"}
{"level":"info","message":"Server is running on PORT 3001","timestamp":"2025-10-08T19:09:07.860Z"}
{"level":"info","message":"inngest endpoint available at http://localhost:3001/api/inngest","timestamp":"2025-10-08T19:09:07.862Z"}
{"level":"info","message":"Server is running on PORT 3001","timestamp":"2025-10-08T19:10:20.945Z"}
{"level":"info","message":"inngest endpoint available at http://localhost:3001/api/inngest","timestamp":"2025-10-08T19:10:20.948Z"}
{"level":"info","message":"Server is running on PORT 3001","timestamp":"2025-10-08T19:10:20.982Z"}
{"level":"info","message":"inngest endpoint available at http://localhost:3001/api/inngest","timestamp":"2025-10-08T19:10:20.984Z"}
{"level":"error","message":"error connecting db","timestamp":"2025-10-13T19:35:16.027Z"}
{"level":"info","message":"connected to mongodb atlas","timestamp":"2025-10-13T19:36:02.347Z"}
{"level":"info","message":"Server is running on PORT 3001","timestamp":"2025-10-13T19:36:02.352Z"}
{"level":"info","message":"inngest endpoint available at http://localhost:3001/api/inngest","timestamp":"2025-10-13T19:36:02.353Z"}
{"level":"info","message":"connected to mongodb atlas","timestamp":"2025-10-13T19:37:22.476Z"}
{"level":"info","message":"Server is running on PORT 3001","timestamp":"2025-10-13T19:37:22.481Z"}
{"level":"info","message":"inngest endpoint available at http://localhost:3001/api/inngest","timestamp":"2025-10-13T19:37:22.481Z"}
{"level":"info","message":"connected to mongodb atlas","timestamp":"2025-10-13T19:40:16.683Z"}
{"level":"info","message":"Server is running on PORT 3001","timestamp":"2025-10-13T19:40:16.687Z"}
{"level":"info","message":"inngest endpoint available at http://localhost:3001/api/inngest","timestamp":"2025-10-13T19:40:16.687Z"}
{"level":"info","message":"connected to mongodb atlas","timestamp":"2025-10-13T19:40:38.094Z"}
{"level":"info","message":"Server is running on PORT 3001","timestamp":"2025-10-13T19:40:38.098Z"}
{"level":"info","message":"inngest endpoint available at http://localhost:3001/api/inngest","timestamp":"2025-10-13T19:40:38.098Z"}
{"level":"info","message":"connected to mongodb atlas","timestamp":"2025-10-13T19:40:48.824Z"}
{"level":"info","message":"Server is running on PORT 3001","timestamp":"2025-10-13T19:40:48.831Z"}
{"level":"info","message":"inngest endpoint available at http://localhost:3001/api/inngest","timestamp":"2025-10-13T19:40:48.831Z"}
{"level":"info","message":"connected to mongodb atlas","timestamp":"2025-10-13T19:40:59.483Z"}
{"level":"info","message":"Server is running on PORT 3001","timestamp":"2025-10-13T19:40:59.488Z"}
{"level":"info","message":"inngest endpoint available at http://localhost:3001/api/inngest","timestamp":"2025-10-13T19:40:59.488Z"}
{"level":"info","message":"connected to mongodb atlas","timestamp":"2025-10-13T19:42:11.243Z"}
{"level":"info","message":"Server is running on PORT 3001","timestamp":"2025-10-13T19:42:11.248Z"}
{"level":"info","message":"inngest endpoint available at http://localhost:3001/api/inngest","timestamp":"2025-10-13T19:42:11.248Z"}
{"level":"info","message":"connected to mongodb atlas","timestamp":"2025-10-13T19:42:56.124Z"}
{"level":"info","message":"Server is running on PORT 3001","timestamp":"2025-10-13T19:42:56.129Z"}
{"level":"info","message":"inngest endpoint available at http://localhost:3001/api/inngest","timestamp":"2025-10-13T19:42:56.129Z"}
{"level":"info","message":"connected to mongodb atlas","timestamp":"2025-10-13T19:45:22.819Z"}
{"level":"info","message":"Server is running on PORT 3001","timestamp":"2025-10-13T19:45:22.823Z"}
{"level":"info","message":"inngest endpoint available at http://localhost:3001/api/inngest","timestamp":"2025-10-13T19:45:22.823Z"}
{"level":"info","message":"connected to mongodb atlas","timestamp":"2025-10-13T19:45:43.418Z"}
{"level":"info","message":"Server is running on PORT 3001","timestamp":"2025-10-13T19:45:43.422Z"}
{"level":"info","message":"inngest endpoint available at http://localhost:3001/api/inngest","timestamp":"2025-10-13T19:45:43.423Z"}
{"level":"info","message":"connected to mongodb atlas","timestamp":"2025-10-13T19:46:37.953Z"}
{"level":"info","message":"Server is running on PORT 3001","timestamp":"2025-10-13T19:46:37.957Z"}
{"level":"info","message":"inngest endpoint available at http://localhost:3001/api/inngest","timestamp":"2025-10-13T19:46:37.958Z"}
{"level":"info","message":"connected to mongodb atlas","timestamp":"2025-10-13T19:48:02.862Z"}
{"level":"info","message":"Server is running on PORT 3001","timestamp":"2025-10-13T19:48:02.866Z"}
{"level":"info","message":"inngest endpoint available at http://localhost:3001/api/inngest","timestamp":"2025-10-13T19:48:02.867Z"}
{"level":"info","message":"connected to mongodb atlas","timestamp":"2025-10-13T19:48:06.312Z"}
{"level":"info","message":"Server is running on PORT 3001","timestamp":"2025-10-13T19:48:06.316Z"}
{"level":"info","message":"inngest endpoint available at http://localhost:3001/api/inngest","timestamp":"2025-10-13T19:48:06.316Z"}
{"level":"info","message":"connected to mongodb atlas","timestamp":"2025-10-13T19:48:32.892Z"}
{"level":"info","message":"Server is running on PORT 3001","timestamp":"2025-10-13T19:48:32.897Z"}
{"level":"info","message":"inngest endpoint available at http://localhost:3001/api/inngest","timestamp":"2025-10-13T19:48:32.897Z"}
{"level":"info","message":"connected to mongodb atlas","timestamp":"2025-10-13T19:48:48.832Z"}
{"level":"info","message":"Server is running on PORT 3001","timestamp":"2025-10-13T19:48:48.836Z"}
{"level":"info","message":"inngest endpoint available at http://localhost:3001/api/inngest","timestamp":"2025-10-13T19:48:48.837Z"}
{"level":"info","message":"connected to mongodb atlas","timestamp":"2025-10-13T19:48:52.436Z"}
{"level":"info","message":"Server is running on PORT 3001","timestamp":"2025-10-13T19:48:52.441Z"}
{"level":"info","message":"inngest endpoint available at http://localhost:3001/api/inngest","timestamp":"2025-10-13T19:48:52.442Z"}
{"level":"info","message":"connected to mongodb atlas","timestamp":"2025-10-13T19:49:45.936Z"}
{"level":"info","message":"Server is running on PORT 3001","timestamp":"2025-10-13T19:49:45.941Z"}
{"level":"info","message":"inngest endpoint available at http://localhost:3001/api/inngest","timestamp":"2025-10-13T19:49:45.941Z"}
{"level":"info","message":"connected to mongodb atlas","timestamp":"2025-10-13T19:49:49.131Z"}
{"level":"info","message":"Server is running on PORT 3001","timestamp":"2025-10-13T19:49:49.135Z"}
{"level":"info","message":"inngest endpoint available at http://localhost:3001/api/inngest","timestamp":"2025-10-13T19:49:49.136Z"}
{"level":"info","message":"connected to mongodb atlas","timestamp":"2025-10-13T19:49:51.381Z"}
{"level":"info","message":"Server is running on PORT 3001","timestamp":"2025-10-13T19:49:51.387Z"}
{"level":"info","message":"inngest endpoint available at http://localhost:3001/api/inngest","timestamp":"2025-10-13T19:49:51.387Z"}
{"level":"info","message":"connected to mongodb atlas","timestamp":"2025-10-13T19:50:13.321Z"}
{"level":"info","message":"Server is running on PORT 3001","timestamp":"2025-10-13T19:50:13.325Z"}
{"level":"info","message":"inngest endpoint available at http://localhost:3001/api/inngest","timestamp":"2025-10-13T19:50:13.326Z"}
{"level":"info","message":"connected to mongodb atlas","timestamp":"2025-10-13T19:50:41.630Z"}
{"level":"info","message":"Server is running on PORT 3001","timestamp":"2025-10-13T19:50:41.635Z"}
{"level":"info","message":"inngest endpoint available at http://localhost:3001/api/inngest","timestamp":"2025-10-13T19:50:41.635Z"}
{"level":"info","message":"connected to mongodb atlas","timestamp":"2025-10-13T19:51:57.130Z"}
{"level":"info","message":"Server is running on PORT 3001","timestamp":"2025-10-13T19:51:57.135Z"}
{"level":"info","message":"inngest endpoint available at http://localhost:3001/api/inngest","timestamp":"2025-10-13T19:51:57.135Z"}
{"level":"info","message":"connected to mongodb atlas","timestamp":"2025-10-13T19:52:05.390Z"}
{"level":"info","message":"Server is running on PORT 3001","timestamp":"2025-10-13T19:52:05.396Z"}
{"level":"info","message":"inngest endpoint available at http://localhost:3001/api/inngest","timestamp":"2025-10-13T19:52:05.397Z"}
{"level":"info","message":"connected to mongodb atlas","timestamp":"2025-10-13T19:53:49.360Z"}
{"level":"info","message":"Server is running on PORT 3001","timestamp":"2025-10-13T19:53:49.364Z"}
{"level":"info","message":"inngest endpoint available at http://localhost:3001/api/inngest","timestamp":"2025-10-13T19:53:49.364Z"}
{"level":"info","message":"connected to mongodb atlas","timestamp":"2025-10-13T19:54:06.540Z"}
{"level":"info","message":"Server is running on PORT 3001","timestamp":"2025-10-13T19:54:06.544Z"}
{"level":"info","message":"inngest endpoint available at http://localhost:3001/api/inngest","timestamp":"2025-10-13T19:54:06.545Z"}
{"level":"info","message":"connected to mongodb atlas","timestamp":"2025-10-13T19:54:27.319Z"}
{"level":"info","message":"Server is running on PORT 3001","timestamp":"2025-10-13T19:54:27.324Z"}
{"level":"info","message":"inngest endpoint available at http://localhost:3001/api/inngest","timestamp":"2025-10-13T19:54:27.324Z"}
{"level":"info","message":"connected to mongodb atlas","timestamp":"2025-10-13T19:54:52.041Z"}
{"level":"info","message":"Server is running on PORT 3001","timestamp":"2025-10-13T19:54:52.045Z"}
{"level":"info","message":"inngest endpoint available at http://localhost:3001/api/inngest","timestamp":"2025-10-13T19:54:52.045Z"}
{"level":"info","message":"connected to mongodb atlas","timestamp":"2025-10-13T19:56:38.608Z"}
{"level":"info","message":"Server is running on PORT 3001","timestamp":"2025-10-13T19:56:38.613Z"}
{"level":"info","message":"inngest endpoint available at http://localhost:3001/api/inngest","timestamp":"2025-10-13T19:56:38.613Z"}
{"level":"info","message":"connected to mongodb atlas","timestamp":"2025-10-13T19:56:54.269Z"}
{"level":"info","message":"Server is running on PORT 3001","timestamp":"2025-10-13T19:56:54.274Z"}
{"level":"info","message":"inngest endpoint available at http://localhost:3001/api/inngest","timestamp":"2025-10-13T19:56:54.275Z"}
{"level":"info","message":"connected to mongodb atlas","timestamp":"2025-10-14T17:39:27.591Z"}
{"level":"info","message":"Server is running on PORT 3001","timestamp":"2025-10-14T17:39:27.596Z"}
{"level":"info","message":"inngest endpoint available at http://localhost:3001/api/inngest","timestamp":"2025-10-14T17:39:27.596Z"}
{"level":"info","message":"connected to mongodb atlas","timestamp":"2025-10-14T17:40:11.477Z"}
{"level":"info","message":"Server is running on PORT 3001","timestamp":"2025-10-14T17:40:11.481Z"}
{"level":"info","message":"inngest endpoint available at http://localhost:3001/api/inngest","timestamp":"2025-10-14T17:40:11.482Z"}
{"level":"info","message":"connected to mongodb atlas","timestamp":"2025-10-14T17:41:14.992Z"}
{"level":"info","message":"Server is running on PORT 3001","timestamp":"2025-10-14T17:41:14.997Z"}
{"level":"info","message":"inngest endpoint available at http://localhost:3001/api/inngest","timestamp":"2025-10-14T17:41:14.997Z"}
{"level":"info","message":"connected to mongodb atlas","timestamp":"2025-10-14T17:42:28.124Z"}
{"level":"info","message":"Server is running on PORT 3001","timestamp":"2025-10-14T17:42:28.128Z"}
{"level":"info","message":"inngest endpoint available at http://localhost:3001/api/inngest","timestamp":"2025-10-14T17:42:28.129Z"}
{"level":"info","message":"connected to mongodb atlas","timestamp":"2025-10-14T17:44:27.957Z"}
{"level":"info","message":"Server is running on PORT 3001","timestamp":"2025-10-14T17:44:27.962Z"}
{"level":"info","message":"inngest endpoint available at http://localhost:3001/api/inngest","timestamp":"2025-10-14T17:44:27.962Z"}
{"level":"info","message":"connected to mongodb atlas","timestamp":"2025-10-14T17:44:46.113Z"}
{"level":"info","message":"Server is running on PORT 3001","timestamp":"2025-10-14T17:44:46.118Z"}
{"level":"info","message":"inngest endpoint available at http://localhost:3001/api/inngest","timestamp":"2025-10-14T17:44:46.119Z"}
{"level":"info","message":"connected to mongodb atlas","timestamp":"2025-10-14T17:44:55.791Z"}
{"level":"info","message":"Server is running on PORT 3001","timestamp":"2025-10-14T17:44:55.796Z"}
{"level":"info","message":"inngest endpoint available at http://localhost:3001/api/inngest","timestamp":"2025-10-14T17:44:55.796Z"}
{"level":"info","message":"connected to mongodb atlas","timestamp":"2025-10-14T17:45:00.902Z"}
{"level":"info","message":"Server is running on PORT 3001","timestamp":"2025-10-14T17:45:00.907Z"}
{"level":"info","message":"inngest endpoint available at http://localhost:3001/api/inngest","timestamp":"2025-10-14T17:45:00.907Z"}
{"level":"info","message":"connected to mongodb atlas","timestamp":"2025-10-14T17:46:07.796Z"}
{"level":"info","message":"Server is running on PORT 3001","timestamp":"2025-10-14T17:46:07.800Z"}
{"level":"info","message":"inngest endpoint available at http://localhost:3001/api/inngest","timestamp":"2025-10-14T17:46:07.800Z"}
{"level":"info","message":"connected to mongodb atlas","timestamp":"2025-10-14T17:46:46.606Z"}
{"level":"info","message":"Server is running on PORT 3001","timestamp":"2025-10-14T17:46:46.611Z"}
{"level":"info","message":"inngest endpoint available at http://localhost:3001/api/inngest","timestamp":"2025-10-14T17:46:46.612Z"}
{"level":"info","message":"connected to mongodb atlas","timestamp":"2025-10-14T17:46:50.586Z"}
{"level":"info","message":"Server is running on PORT 3001","timestamp":"2025-10-14T17:46:50.590Z"}
{"level":"info","message":"inngest endpoint available at http://localhost:3001/api/inngest","timestamp":"2025-10-14T17:46:50.590Z"}
{"level":"info","message":"connected to mongodb atlas","timestamp":"2025-10-14T17:46:58.370Z"}
{"level":"info","message":"Server is running on PORT 3001","timestamp":"2025-10-14T17:46:58.374Z"}
{"level":"info","message":"inngest endpoint available at http://localhost:3001/api/inngest","timestamp":"2025-10-14T17:46:58.375Z"}
{"level":"info","message":"connected to mongodb atlas","timestamp":"2025-10-14T17:47:44.591Z"}
{"level":"info","message":"Server is running on PORT 3001","timestamp":"2025-10-14T17:47:44.595Z"}
{"level":"info","message":"inngest endpoint available at http://localhost:3001/api/inngest","timestamp":"2025-10-14T17:47:44.595Z"}
{"level":"info","message":"connected to mongodb atlas","timestamp":"2025-10-14T17:47:54.131Z"}
{"level":"info","message":"Server is running on PORT 3001","timestamp":"2025-10-14T17:47:54.135Z"}
{"level":"info","message":"inngest endpoint available at http://localhost:3001/api/inngest","timestamp":"2025-10-14T17:47:54.136Z"}
{"level":"info","message":"connected to mongodb atlas","timestamp":"2025-10-14T17:48:09.871Z"}
{"level":"info","message":"Server is running on PORT 3001","timestamp":"2025-10-14T17:48:09.875Z"}
{"level":"info","message":"inngest endpoint available at http://localhost:3001/api/inngest","timestamp":"2025-10-14T17:48:09.876Z"}
{"level":"info","message":"connected to mongodb atlas","timestamp":"2025-10-14T17:49:49.828Z"}
{"level":"info","message":"Server is running on PORT 3001","timestamp":"2025-10-14T17:49:49.833Z"}
{"level":"info","message":"inngest endpoint available at http://localhost:3001/api/inngest","timestamp":"2025-10-14T17:49:49.833Z"}
{"level":"info","message":"connected to mongodb atlas","timestamp":"2025-10-14T17:50:00.010Z"}
{"level":"info","message":"Server is running on PORT 3001","timestamp":"2025-10-14T17:50:00.016Z"}
{"level":"info","message":"inngest endpoint available at http://localhost:3001/api/inngest","timestamp":"2025-10-14T17:50:00.017Z"}
{"level":"info","message":"connected to mongodb atlas","timestamp":"2025-10-14T17:50:12.070Z"}
{"level":"info","message":"Server is running on PORT 3001","timestamp":"2025-10-14T17:50:12.074Z"}
{"level":"info","message":"inngest endpoint available at http://localhost:3001/api/inngest","timestamp":"2025-10-14T17:50:12.075Z"}
{"level":"info","message":"connected to mongodb atlas","timestamp":"2025-10-14T17:50:20.394Z"}
{"level":"info","message":"Server is running on PORT 3001","timestamp":"2025-10-14T17:50:20.399Z"}
{"level":"info","message":"inngest endpoint available at http://localhost:3001/api/inngest","timestamp":"2025-10-14T17:50:20.400Z"}
{"level":"info","message":"connected to mongodb atlas","timestamp":"2025-10-14T17:52:04.711Z"}
{"level":"info","message":"Server is running on PORT 3001","timestamp":"2025-10-14T17:52:04.715Z"}
{"level":"info","message":"inngest endpoint available at http://localhost:3001/api/inngest","timestamp":"2025-10-14T17:52:04.716Z"}
{"level":"info","message":"connected to mongodb atlas","timestamp":"2025-10-14T17:52:32.922Z"}
{"level":"info","message":"Server is running on PORT 3001","timestamp":"2025-10-14T17:52:32.929Z"}
{"level":"info","message":"inngest endpoint available at http://localhost:3001/api/inngest","timestamp":"2025-10-14T17:52:32.930Z"}
{"level":"info","message":"connected to mongodb atlas","timestamp":"2025-10-14T17:52:52.867Z"}
{"level":"info","message":"Server is running on PORT 3001","timestamp":"2025-10-14T17:52:52.872Z"}
{"level":"info","message":"inngest endpoint available at http://localhost:3001/api/inngest","timestamp":"2025-10-14T17:52:52.872Z"}
{"level":"info","message":"connected to mongodb atlas","timestamp":"2025-10-14T17:53:25.025Z"}
{"level":"info","message":"Server is running on PORT 3001","timestamp":"2025-10-14T17:53:25.029Z"}
{"level":"info","message":"inngest endpoint available at http://localhost:3001/api/inngest","timestamp":"2025-10-14T17:53:25.029Z"}
{"level":"info","message":"connected to mongodb atlas","timestamp":"2025-10-14T17:54:49.800Z"}
{"level":"info","message":"Server is running on PORT 3001","timestamp":"2025-10-14T17:54:49.805Z"}
{"level":"info","message":"inngest endpoint available at http://localhost:3001/api/inngest","timestamp":"2025-10-14T17:54:49.805Z"}
{"level":"info","message":"connected to mongodb atlas","timestamp":"2025-10-14T18:00:10.744Z"}
{"level":"info","message":"Server is running on PORT 3001","timestamp":"2025-10-14T18:00:10.749Z"}
{"level":"info","message":"inngest endpoint available at http://localhost:3001/api/inngest","timestamp":"2025-10-14T18:00:10.749Z"}
{"level":"info","message":"connected to mongodb atlas","timestamp":"2025-10-14T18:00:28.830Z"}
{"level":"info","message":"Server is running on PORT 3001","timestamp":"2025-10-14T18:00:28.836Z"}
{"level":"info","message":"inngest endpoint available at http://localhost:3001/api/inngest","timestamp":"2025-10-14T18:00:28.836Z"}
{"level":"info","message":"connected to mongodb atlas","timestamp":"2025-10-14T18:00:34.849Z"}
{"level":"info","message":"Server is running on PORT 3001","timestamp":"2025-10-14T18:00:34.854Z"}
{"level":"info","message":"inngest endpoint available at http://localhost:3001/api/inngest","timestamp":"2025-10-14T18:00:34.855Z"}
{"level":"info","message":"connected to mongodb atlas","timestamp":"2025-10-14T18:00:52.803Z"}
{"level":"info","message":"Server is running on PORT 3001","timestamp":"2025-10-14T18:00:52.807Z"}
{"level":"info","message":"inngest endpoint available at http://localhost:3001/api/inngest","timestamp":"2025-10-14T18:00:52.807Z"}
{"level":"info","message":"connected to mongodb atlas","timestamp":"2025-10-14T18:01:27.682Z"}
{"level":"info","message":"Server is running on PORT 3001","timestamp":"2025-10-14T18:01:27.687Z"}
{"level":"info","message":"inngest endpoint available at http://localhost:3001/api/inngest","timestamp":"2025-10-14T18:01:27.687Z"}
{"level":"info","message":"connected to mongodb atlas","timestamp":"2025-10-14T18:03:52.853Z"}
{"level":"info","message":"Server is running on PORT 3001","timestamp":"2025-10-14T18:03:52.859Z"}
{"level":"info","message":"inngest endpoint available at http://localhost:3001/api/inngest","timestamp":"2025-10-14T18:03:52.859Z"}
{"level":"info","message":"connected to mongodb atlas","timestamp":"2025-10-14T18:04:00.450Z"}
{"level":"info","message":"Server is running on PORT 3001","timestamp":"2025-10-14T18:04:00.454Z"}
{"level":"info","message":"inngest endpoint available at http://localhost:3001/api/inngest","timestamp":"2025-10-14T18:04:00.454Z"}
{"level":"info","message":"connected to mongodb atlas","timestamp":"2025-10-14T18:05:59.253Z"}
{"level":"info","message":"Server is running on PORT 3001","timestamp":"2025-10-14T18:05:59.258Z"}
{"level":"info","message":"inngest endpoint available at http://localhost:3001/api/inngest","timestamp":"2025-10-14T18:05:59.258Z"}
{"level":"info","message":"connected to mongodb atlas","timestamp":"2025-10-14T18:06:08.453Z"}
{"level":"info","message":"Server is running on PORT 3001","timestamp":"2025-10-14T18:06:08.457Z"}
{"level":"info","message":"inngest endpoint available at http://localhost:3001/api/inngest","timestamp":"2025-10-14T18:06:08.457Z"}
{"level":"info","message":"connected to mongodb atlas","timestamp":"2025-10-14T18:08:30.933Z"}
{"level":"info","message":"Server is running on PORT 3001","timestamp":"2025-10-14T18:08:30.937Z"}
{"level":"info","message":"inngest endpoint available at http://localhost:3001/api/inngest","timestamp":"2025-10-14T18:08:30.938Z"}
{"level":"info","message":"connected to mongodb atlas","timestamp":"2025-10-14T18:09:13.828Z"}
{"level":"info","message":"Server is running on PORT 3001","timestamp":"2025-10-14T18:09:13.834Z"}
{"level":"info","message":"inngest endpoint available at http://localhost:3001/api/inngest","timestamp":"2025-10-14T18:09:13.834Z"}
{"level":"info","message":"connected to mongodb atlas","timestamp":"2025-10-14T18:09:28.532Z"}
{"level":"info","message":"Server is running on PORT 3001","timestamp":"2025-10-14T18:09:28.537Z"}
{"level":"info","message":"inngest endpoint available at http://localhost:3001/api/inngest","timestamp":"2025-10-14T18:09:28.538Z"}
{"level":"info","message":"connected to mongodb atlas","timestamp":"2025-10-14T18:09:42.972Z"}
{"level":"info","message":"Server is running on PORT 3001","timestamp":"2025-10-14T18:09:42.978Z"}
{"level":"info","message":"inngest endpoint available at http://localhost:3001/api/inngest","timestamp":"2025-10-14T18:09:42.978Z"}
{"level":"info","message":"connected to mongodb atlas","timestamp":"2025-10-14T18:09:47.233Z"}
{"level":"info","message":"Server is running on PORT 3001","timestamp":"2025-10-14T18:09:47.237Z"}
{"level":"info","message":"inngest endpoint available at http://localhost:3001/api/inngest","timestamp":"2025-10-14T18:09:47.237Z"}
{"level":"info","message":"connected to mongodb atlas","timestamp":"2025-10-14T18:10:00.487Z"}
{"level":"info","message":"Server is running on PORT 3001","timestamp":"2025-10-14T18:10:00.493Z"}
{"level":"info","message":"inngest endpoint available at http://localhost:3001/api/inngest","timestamp":"2025-10-14T18:10:00.493Z"}
{"level":"info","message":"connected to mongodb atlas","timestamp":"2025-10-14T18:10:26.176Z"}
{"level":"info","message":"Server is running on PORT 3001","timestamp":"2025-10-14T18:10:26.182Z"}
{"level":"info","message":"inngest endpoint available at http://localhost:3001/api/inngest","timestamp":"2025-10-14T18:10:26.182Z"}
{"level":"info","message":"connected to mongodb atlas","timestamp":"2025-10-14T18:10:56.892Z"}
{"level":"info","message":"Server is running on PORT 3001","timestamp":"2025-10-14T18:10:56.897Z"}
{"level":"info","message":"inngest endpoint available at http://localhost:3001/api/inngest","timestamp":"2025-10-14T18:10:56.897Z"}
{"level":"info","message":"connected to mongodb atlas","timestamp":"2025-10-14T18:12:01.178Z"}
{"level":"info","message":"Server is running on PORT 3001","timestamp":"2025-10-14T18:12:01.183Z"}
{"level":"info","message":"inngest endpoint available at http://localhost:3001/api/inngest","timestamp":"2025-10-14T18:12:01.183Z"}
{"level":"info","message":"connected to mongodb atlas","timestamp":"2025-10-14T18:12:31.658Z"}
{"level":"info","message":"Server is running on PORT 3001","timestamp":"2025-10-14T18:12:31.662Z"}
{"level":"info","message":"inngest endpoint available at http://localhost:3001/api/inngest","timestamp":"2025-10-14T18:12:31.663Z"}
{"level":"info","message":"connected to mongodb atlas","timestamp":"2025-10-14T18:12:52.748Z"}
{"level":"info","message":"Server is running on PORT 3001","timestamp":"2025-10-14T18:12:52.753Z"}
{"level":"info","message":"inngest endpoint available at http://localhost:3001/api/inngest","timestamp":"2025-10-14T18:12:52.753Z"}
{"level":"info","message":"connected to mongodb atlas","timestamp":"2025-10-14T18:13:42.901Z"}
{"level":"info","message":"Server is running on PORT 3001","timestamp":"2025-10-14T18:13:42.905Z"}
{"level":"info","message":"inngest endpoint available at http://localhost:3001/api/inngest","timestamp":"2025-10-14T18:13:42.905Z"}
{"level":"info","message":"connected to mongodb atlas","timestamp":"2025-10-14T18:14:11.032Z"}
{"level":"info","message":"Server is running on PORT 3001","timestamp":"2025-10-14T18:14:11.036Z"}
{"level":"info","message":"inngest endpoint available at http://localhost:3001/api/inngest","timestamp":"2025-10-14T18:14:11.037Z"}
{"level":"info","message":"connected to mongodb atlas","timestamp":"2025-10-14T18:21:52.890Z"}
{"level":"info","message":"Server is running on PORT 3001","timestamp":"2025-10-14T18:21:52.894Z"}
{"level":"info","message":"inngest endpoint available at http://localhost:3001/api/inngest","timestamp":"2025-10-14T18:21:52.895Z"}
{"level":"info","message":"connected to mongodb atlas","timestamp":"2025-10-14T18:22:19.140Z"}
{"level":"info","message":"Server is running on PORT 3001","timestamp":"2025-10-14T18:22:19.145Z"}
{"level":"info","message":"inngest endpoint available at http://localhost:3001/api/inngest","timestamp":"2025-10-14T18:22:19.146Z"}
{"level":"info","message":"connected to mongodb atlas","timestamp":"2025-10-14T18:22:48.351Z"}
{"level":"info","message":"Server is running on PORT 3001","timestamp":"2025-10-14T18:22:48.355Z"}
{"level":"info","message":"inngest endpoint available at http://localhost:3001/api/inngest","timestamp":"2025-10-14T18:22:48.356Z"}
{"level":"info","message":"connected to mongodb atlas","timestamp":"2025-10-14T18:23:48.890Z"}
{"level":"info","message":"Server is running on PORT 3001","timestamp":"2025-10-14T18:23:48.894Z"}
{"level":"info","message":"inngest endpoint available at http://localhost:3001/api/inngest","timestamp":"2025-10-14T18:23:48.894Z"}
{"level":"info","message":"connected to mongodb atlas","timestamp":"2025-10-14T18:24:52.273Z"}
{"level":"info","message":"Server is running on PORT 3001","timestamp":"2025-10-14T18:24:52.278Z"}
{"level":"info","message":"inngest endpoint available at http://localhost:3001/api/inngest","timestamp":"2025-10-14T18:24:52.278Z"}
{"level":"info","message":"connected to mongodb atlas","timestamp":"2025-10-14T18:26:03.911Z"}
{"level":"info","message":"Server is running on PORT 3001","timestamp":"2025-10-14T18:26:03.917Z"}
{"level":"info","message":"inngest endpoint available at http://localhost:3001/api/inngest","timestamp":"2025-10-14T18:26:03.917Z"}
{"level":"info","message":"connected to mongodb atlas","timestamp":"2025-10-14T18:31:28.879Z"}
{"level":"info","message":"Server is running on PORT 3001","timestamp":"2025-10-14T18:31:28.884Z"}
{"level":"info","message":"inngest endpoint available at http://localhost:3001/api/inngest","timestamp":"2025-10-14T18:31:28.884Z"}
{"level":"info","message":"connected to mongodb atlas","timestamp":"2025-10-14T18:32:06.125Z"}
{"level":"info","message":"Server is running on PORT 3001","timestamp":"2025-10-14T18:32:06.129Z"}
{"level":"info","message":"inngest endpoint available at http://localhost:3001/api/inngest","timestamp":"2025-10-14T18:32:06.130Z"}
{"level":"info","message":"connected to mongodb atlas","timestamp":"2025-10-14T18:32:13.386Z"}
{"level":"info","message":"Server is running on PORT 3001","timestamp":"2025-10-14T18:32:13.390Z"}
{"level":"info","message":"inngest endpoint available at http://localhost:3001/api/inngest","timestamp":"2025-10-14T18:32:13.391Z"}
{"level":"info","message":"connected to mongodb atlas","timestamp":"2025-10-14T18:32:33.361Z"}
{"level":"info","message":"Server is running on PORT 3001","timestamp":"2025-10-14T18:32:33.366Z"}
{"level":"info","message":"inngest endpoint available at http://localhost:3001/api/inngest","timestamp":"2025-10-14T18:32:33.366Z"}
{"level":"info","message":"connected to mongodb atlas","timestamp":"2025-10-14T18:33:03.283Z"}
{"level":"info","message":"Server is running on PORT 3001","timestamp":"2025-10-14T18:33:03.288Z"}
{"level":"info","message":"inngest endpoint available at http://localhost:3001/api/inngest","timestamp":"2025-10-14T18:33:03.288Z"}
{"level":"info","message":"connected to mongodb atlas","timestamp":"2025-10-14T18:33:25.703Z"}
{"level":"info","message":"Server is running on PORT 3001","timestamp":"2025-10-14T18:33:25.708Z"}
{"level":"info","message":"inngest endpoint available at http://localhost:3001/api/inngest","timestamp":"2025-10-14T18:33:25.709Z"}
{"level":"info","message":"connected to mongodb atlas","timestamp":"2025-10-14T20:02:42.718Z"}
{"level":"info","message":"Server is running on PORT 3001","timestamp":"2025-10-14T20:02:42.722Z"}
{"level":"info","message":"inngest endpoint available at http://localhost:3001/api/inngest","timestamp":"2025-10-14T20:02:42.723Z"}
{"level":"info","message":"connected to mongodb atlas","timestamp":"2025-10-14T20:04:23.048Z"}
{"level":"info","message":"Server is running on PORT 3001","timestamp":"2025-10-14T20:04:23.053Z"}
{"level":"info","message":"inngest endpoint available at http://localhost:3001/api/inngest","timestamp":"2025-10-14T20:04:23.053Z"}
{"level":"info","message":"connected to mongodb atlas","timestamp":"2025-10-14T20:04:30.878Z"}
{"level":"info","message":"Server is running on PORT 3001","timestamp":"2025-10-14T20:04:30.883Z"}
{"level":"info","message":"inngest endpoint available at http://localhost:3001/api/inngest","timestamp":"2025-10-14T20:04:30.883Z"}
{"level":"info","message":"connected to mongodb atlas","timestamp":"2025-10-14T20:04:42.728Z"}
{"level":"info","message":"Server is running on PORT 3001","timestamp":"2025-10-14T20:04:42.732Z"}
{"level":"info","message":"inngest endpoint available at http://localhost:3001/api/inngest","timestamp":"2025-10-14T20:04:42.733Z"}
{"level":"info","message":"connected to mongodb atlas","timestamp":"2025-10-14T20:08:53.898Z"}
{"level":"info","message":"connected to mongodb atlas","timestamp":"2025-10-14T20:36:33.858Z"}
{"level":"info","message":"Server is running on PORT 3001","timestamp":"2025-10-14T20:36:33.864Z"}
{"level":"info","message":"inngest endpoint available at http://localhost:3001/api/inngest","timestamp":"2025-10-14T20:36:33.865Z"}
{"level":"info","message":"connected to mongodb atlas","timestamp":"2025-10-14T20:37:36.384Z"}
{"level":"info","message":"Server is running on PORT 3001","timestamp":"2025-10-14T20:37:36.388Z"}
{"level":"info","message":"inngest endpoint available at http://localhost:3001/api/inngest","timestamp":"2025-10-14T20:37:36.389Z"}
{"level":"info","message":"connected to mongodb atlas","timestamp":"2025-10-14T20:38:19.094Z"}
{"level":"info","message":"Server is running on PORT 3001","timestamp":"2025-10-14T20:38:19.099Z"}
{"level":"info","message":"inngest endpoint available at http://localhost:3001/api/inngest","timestamp":"2025-10-14T20:38:19.099Z"}
{"level":"info","message":"connected to mongodb atlas","timestamp":"2025-10-14T20:42:38.489Z"}
{"level":"info","message":"Server is running on PORT 3001","timestamp":"2025-10-14T20:42:38.494Z"}
{"level":"info","message":"inngest endpoint available at http://localhost:3001/api/inngest","timestamp":"2025-10-14T20:42:38.494Z"}
{"level":"info","message":"connected to mongodb atlas","timestamp":"2025-10-14T20:43:26.937Z"}
{"level":"info","message":"Server is running on PORT 3001","timestamp":"2025-10-14T20:43:26.942Z"}
{"level":"info","message":"inngest endpoint available at http://localhost:3001/api/inngest","timestamp":"2025-10-14T20:43:26.942Z"}
{"level":"info","message":"connected to mongodb atlas","timestamp":"2025-10-14T20:43:35.528Z"}
{"level":"info","message":"connected to mongodb atlas","timestamp":"2025-10-24T13:41:03.008Z"}
{"level":"info","message":"Server is running on PORT 3001","timestamp":"2025-10-24T13:41:03.015Z"}
{"level":"info","message":"inngest endpoint available at http://localhost:3001/api/inngest","timestamp":"2025-10-24T13:41:03.016Z"}
{"level":"info","message":"connected to mongodb atlas","timestamp":"2025-10-24T13:42:03.185Z"}
{"level":"info","message":"Server is running on PORT 3001","timestamp":"2025-10-24T13:42:03.189Z"}
{"level":"info","message":"inngest endpoint available at http://localhost:3001/api/inngest","timestamp":"2025-10-24T13:42:03.189Z"}
{"level":"info","message":"connected to mongodb atlas","timestamp":"2025-10-24T13:42:15.732Z"}
{"level":"info","message":"Server is running on PORT 3001","timestamp":"2025-10-24T13:42:15.737Z"}
{"level":"info","message":"inngest endpoint available at http://localhost:3001/api/inngest","timestamp":"2025-10-24T13:42:15.737Z"}
{"level":"info","message":"connected to mongodb atlas","timestamp":"2025-11-14T11:39:41.380Z"}
{"level":"info","message":"Server is running on PORT 3001","timestamp":"2025-11-14T11:39:41.386Z"}
{"level":"info","message":"inngest endpoint available at http://localhost:3001/api/inngest","timestamp":"2025-11-14T11:39:41.386Z"}
{"level":"info","message":"connected to mongodb atlas","timestamp":"2025-11-22T10:41:53.584Z"}
{"level":"info","message":"Server is running on PORT 3001","timestamp":"2025-11-22T10:41:53.588Z"}
{"level":"info","message":"inngest endpoint available at http://localhost:3001/api/inngest","timestamp":"2025-11-22T10:41:53.588Z"}
{"level":"info","message":"connected to mongodb atlas","timestamp":"2025-11-22T10:52:55.674Z"}
{"level":"info","message":"Server is running on PORT 3001","timestamp":"2025-11-22T10:52:55.678Z"}
{"level":"info","message":"inngest endpoint available at http://localhost:3001/api/inngest","timestamp":"2025-11-22T10:52:55.679Z"}
{"level":"info","message":"connected to mongodb atlas","timestamp":"2025-11-22T10:53:44.439Z"}
{"level":"info","message":"Server is running on PORT 3001","timestamp":"2025-11-22T10:53:44.444Z"}
{"level":"info","message":"inngest endpoint available at http://localhost:3001/api/inngest","timestamp":"2025-11-22T10:53:44.444Z"}
{"level":"info","message":"connected to mongodb atlas","timestamp":"2025-11-22T10:53:49.956Z"}
{"level":"info","message":"Server is running on PORT 3001","timestamp":"2025-11-22T10:53:49.960Z"}
{"level":"info","message":"inngest endpoint available at http://localhost:3001/api/inngest","timestamp":"2025-11-22T10:53:49.960Z"}
{"level":"info","message":"connected to mongodb atlas","timestamp":"2025-11-22T11:00:35.024Z"}
{"level":"info","message":"Server is running on PORT 3001","timestamp":"2025-11-22T11:00:35.030Z"}
{"level":"info","message":"inngest endpoint available at http://localhost:3001/api/inngest","timestamp":"2025-11-22T11:00:35.031Z"}
{"level":"info","message":"connected to mongodb atlas","timestamp":"2025-11-22T11:01:13.683Z"}
{"level":"info","message":"Server is running on PORT 3001","timestamp":"2025-11-22T11:01:13.687Z"}
{"level":"info","message":"inngest endpoint available at http://localhost:3001/api/inngest","timestamp":"2025-11-22T11:01:13.688Z"}
{"level":"info","message":"connected to mongodb atlas","timestamp":"2025-11-22T11:01:31.411Z"}
{"level":"info","message":"Server is running on PORT 3001","timestamp":"2025-11-22T11:01:31.416Z"}
{"level":"info","message":"inngest endpoint available at http://localhost:3001/api/inngest","timestamp":"2025-11-22T11:01:31.416Z"}
{"level":"info","message":"connected to mongodb atlas","timestamp":"2025-11-22T11:02:42.762Z"}
{"level":"info","message":"Server is running on PORT 3001","timestamp":"2025-11-22T11:02:42.767Z"}
{"level":"info","message":"inngest endpoint available at http://localhost:3001/api/inngest","timestamp":"2025-11-22T11:02:42.768Z"}
{"level":"info","message":"connected to mongodb atlas","timestamp":"2025-11-22T11:02:52.763Z"}
{"level":"info","message":"Server is running on PORT 3001","timestamp":"2025-11-22T11:02:52.767Z"}
{"level":"info","message":"inngest endpoint available at http://localhost:3001/api/inngest","timestamp":"2025-11-22T11:02:52.768Z"}
{"level":"info","message":"connected to mongodb atlas","timestamp":"2025-11-22T11:03:11.118Z"}
{"level":"info","message":"Server is running on PORT 3001","timestamp":"2025-11-22T11:03:11.123Z"}
{"level":"info","message":"inngest endpoint available at http://localhost:3001/api/inngest","timestamp":"2025-11-22T11:03:11.123Z"}
{"level":"info","message":"connected to mongodb atlas","timestamp":"2025-11-22T11:03:20.508Z"}
{"level":"info","message":"Server is running on PORT 3001","timestamp":"2025-11-22T11:03:20.512Z"}
{"level":"info","message":"inngest endpoint available at http://localhost:3001/api/inngest","timestamp":"2025-11-22T11:03:20.512Z"}
{"level":"info","message":"connected to mongodb atlas","timestamp":"2025-11-22T11:04:14.903Z"}
{"level":"info","message":"Server is running on PORT 3001","timestamp":"2025-11-22T11:04:14.908Z"}
{"level":"info","message":"inngest endpoint available at http://localhost:3001/api/inngest","timestamp":"2025-11-22T11:04:14.908Z"}
{"level":"info","message":"connected to mongodb atlas","timestamp":"2025-11-22T11:04:32.333Z"}
{"level":"info","message":"Server is running on PORT 3001","timestamp":"2025-11-22T11:04:32.338Z"}
{"level":"info","message":"inngest endpoint available at http://localhost:3001/api/inngest","timestamp":"2025-11-22T11:04:32.339Z"}
{"level":"info","message":"connected to mongodb atlas","timestamp":"2025-11-22T11:04:40.759Z"}
{"level":"info","message":"Server is running on PORT 3001","timestamp":"2025-11-22T11:04:40.763Z"}
{"level":"info","message":"inngest endpoint available at http://localhost:3001/api/inngest","timestamp":"2025-11-22T11:04:40.763Z"}
{"level":"info","message":"connected to mongodb atlas","timestamp":"2025-11-22T11:05:45.214Z"}
{"level":"info","message":"Server is running on PORT 3001","timestamp":"2025-11-22T11:05:45.218Z"}
{"level":"info","message":"inngest endpoint available at http://localhost:3001/api/inngest","timestamp":"2025-11-22T11:05:45.219Z"}
{"level":"info","message":"connected to mongodb atlas","timestamp":"2025-11-22T11:06:04.585Z"}
{"level":"info","message":"Server is running on PORT 3001","timestamp":"2025-11-22T11:06:04.589Z"}
{"level":"info","message":"inngest endpoint available at http://localhost:3001/api/inngest","timestamp":"2025-11-22T11:06:04.590Z"}
{"level":"info","message":"connected to mongodb atlas","timestamp":"2025-11-22T11:06:43.413Z"}
{"level":"info","message":"Server is running on PORT 3001","timestamp":"2025-11-22T11:06:43.417Z"}
{"level":"info","message":"inngest endpoint available at http://localhost:3001/api/inngest","timestamp":"2025-11-22T11:06:43.418Z"}
{"level":"info","message":"connected to mongodb atlas","timestamp":"2025-11-22T11:06:49.441Z"}
{"level":"info","message":"Server is running on PORT 3001","timestamp":"2025-11-22T11:06:49.446Z"}
{"level":"info","message":"inngest endpoint available at http://localhost:3001/api/inngest","timestamp":"2025-11-22T11:06:49.447Z"}
{"level":"info","message":"connected to mongodb atlas","timestamp":"2025-11-22T11:07:24.740Z"}
{"level":"info","message":"Server is running on PORT 3001","timestamp":"2025-11-22T11:07:24.745Z"}
{"level":"info","message":"inngest endpoint available at http://localhost:3001/api/inngest","timestamp":"2025-11-22T11:07:24.745Z"}
{"level":"info","message":"connected to mongodb atlas","timestamp":"2025-11-22T11:07:40.302Z"}
{"level":"info","message":"Server is running on PORT 3001","timestamp":"2025-11-22T11:07:40.308Z"}
{"level":"info","message":"inngest endpoint available at http://localhost:3001/api/inngest","timestamp":"2025-11-22T11:07:40.308Z"}
{"level":"info","message":"connected to mongodb atlas","timestamp":"2025-11-22T11:07:45.391Z"}
{"level":"info","message":"Server is running on PORT 3001","timestamp":"2025-11-22T11:07:45.397Z"}
{"level":"info","message":"inngest endpoint available at http://localhost:3001/api/inngest","timestamp":"2025-11-22T11:07:45.397Z"}
{"level":"info","message":"connected to mongodb atlas","timestamp":"2025-11-22T11:08:31.933Z"}
{"level":"info","message":"Server is running on PORT 3001","timestamp":"2025-11-22T11:08:31.937Z"}
{"level":"info","message":"inngest endpoint available at http://localhost:3001/api/inngest","timestamp":"2025-11-22T11:08:31.937Z"}
{"level":"info","message":"connected to mongodb atlas","timestamp":"2025-11-22T11:09:06.137Z"}
{"level":"info","message":"Server is running on PORT 3001","timestamp":"2025-11-22T11:09:06.142Z"}
{"level":"info","message":"inngest endpoint available at http://localhost:3001/api/inngest","timestamp":"2025-11-22T11:09:06.142Z"}
{"level":"info","message":"connected to mongodb atlas","timestamp":"2025-11-22T11:09:22.996Z"}
{"level":"info","message":"Server is running on PORT 3001","timestamp":"2025-11-22T11:09:23.001Z"}
{"level":"info","message":"inngest endpoint available at http://localhost:3001/api/inngest","timestamp":"2025-11-22T11:09:23.001Z"}
{"level":"info","message":"connected to mongodb atlas","timestamp":"2025-11-22T11:09:50.207Z"}
{"level":"info","message":"Server is running on PORT 3001","timestamp":"2025-11-22T11:09:50.213Z"}
{"level":"info","message":"inngest endpoint available at http://localhost:3001/api/inngest","timestamp":"2025-11-22T11:09:50.213Z"}
{"level":"info","message":"connected to mongodb atlas","timestamp":"2025-11-22T11:09:56.080Z"}
{"level":"info","message":"Server is running on PORT 3001","timestamp":"2025-11-22T11:09:56.085Z"}
{"level":"info","message":"inngest endpoint available at http://localhost:3001/api/inngest","timestamp":"2025-11-22T11:09:56.085Z"}
{"level":"info","message":"connected to mongodb atlas","timestamp":"2025-11-22T11:10:16.952Z"}
{"level":"info","message":"Server is running on PORT 3001","timestamp":"2025-11-22T11:10:16.957Z"}
{"level":"info","message":"inngest endpoint available at http://localhost:3001/api/inngest","timestamp":"2025-11-22T11:10:16.958Z"}
{"level":"info","message":"connected to mongodb atlas","timestamp":"2025-11-22T11:11:48.757Z"}
{"level":"info","message":"Server is running on PORT 3001","timestamp":"2025-11-22T11:11:48.762Z"}
{"level":"info","message":"inngest endpoint available at http://localhost:3001/api/inngest","timestamp":"2025-11-22T11:11:48.762Z"}
{"level":"info","message":"connected to mongodb atlas","timestamp":"2025-11-22T11:13:18.687Z"}
{"level":"info","message":"Server is running on PORT 3001","timestamp":"2025-11-22T11:13:18.691Z"}
{"level":"info","message":"inngest endpoint available at http://localhost:3001/api/inngest","timestamp":"2025-11-22T11:13:18.692Z"}
{"level":"info","message":"connected to mongodb atlas","timestamp":"2025-11-22T11:14:24.877Z"}
{"level":"info","message":"Server is running on PORT 3001","timestamp":"2025-11-22T11:14:24.881Z"}
{"level":"info","message":"inngest endpoint available at http://localhost:3001/api/inngest","timestamp":"2025-11-22T11:14:24.881Z"}
{"level":"info","message":"connected to mongodb atlas","timestamp":"2025-11-22T11:15:03.418Z"}
{"level":"info","message":"Server is running on PORT 3001","timestamp":"2025-11-22T11:15:03.425Z"}
{"level":"info","message":"inngest endpoint available at http://localhost:3001/api/inngest","timestamp":"2025-11-22T11:15:03.425Z"}
{"level":"info","message":"connected to mongodb atlas","timestamp":"2025-11-22T11:15:19.096Z"}
{"level":"info","message":"Server is running on PORT 3001","timestamp":"2025-11-22T11:15:19.101Z"}
{"level":"info","message":"inngest endpoint available at http://localhost:3001/api/inngest","timestamp":"2025-11-22T11:15:19.101Z"}
{"level":"info","message":"connected to mongodb atlas","timestamp":"2025-11-22T11:15:29.997Z"}
{"level":"info","message":"Server is running on PORT 3001","timestamp":"2025-11-22T11:15:30.003Z"}
{"level":"info","message":"inngest endpoint available at http://localhost:3001/api/inngest","timestamp":"2025-11-22T11:15:30.004Z"}
{"level":"info","message":"connected to mongodb atlas","timestamp":"2025-11-22T11:17:45.257Z"}
{"level":"info","message":"connected to mongodb atlas","timestamp":"2025-11-22T11:17:45.257Z"}
{"level":"info","message":"Server is running on PORT 3001","timestamp":"2025-11-22T11:17:45.262Z"}
{"level":"info","message":"inngest endpoint available at http://localhost:3001/api/inngest","timestamp":"2025-11-22T11:17:45.263Z"}
{"level":"info","message":"Server is running on PORT 3001","timestamp":"2025-11-22T11:17:45.263Z"}
{"level":"info","message":"inngest endpoint available at http://localhost:3001/api/inngest","timestamp":"2025-11-22T11:17:45.264Z"}
{"level":"info","message":"connected to mongodb atlas","timestamp":"2025-11-22T11:18:02.357Z"}
{"level":"info","message":"connected to mongodb atlas","timestamp":"2025-11-22T11:18:02.357Z"}
{"level":"info","message":"Server is running on PORT 3001","timestamp":"2025-11-22T11:18:02.362Z"}
{"level":"info","message":"inngest endpoint available at http://localhost:3001/api/inngest","timestamp":"2025-11-22T11:18:02.362Z"}
{"level":"info","message":"Server is running on PORT 3001","timestamp":"2025-11-22T11:18:02.362Z"}
{"level":"info","message":"inngest endpoint available at http://localhost:3001/api/inngest","timestamp":"2025-11-22T11:18:02.362Z"}
{"level":"info","message":"connected to mongodb atlas","timestamp":"2025-11-22T11:18:11.010Z"}
{"level":"info","message":"Server is running on PORT 3001","timestamp":"2025-11-22T11:18:11.017Z"}
{"level":"info","message":"inngest endpoint available at http://localhost:3001/api/inngest","timestamp":"2025-11-22T11:18:11.018Z"}
{"level":"info","message":"connected to mongodb atlas","timestamp":"2025-11-22T11:18:11.066Z"}
{"level":"info","message":"Server is running on PORT 3001","timestamp":"2025-11-22T11:18:11.071Z"}
{"level":"info","message":"inngest endpoint available at http://localhost:3001/api/inngest","timestamp":"2025-11-22T11:18:11.072Z"}
{"level":"info","message":"connected to mongodb atlas","timestamp":"2025-11-22T11:18:46.127Z"}
{"level":"info","message":"Server is running on PORT 3001","timestamp":"2025-11-22T11:18:46.132Z"}
{"level":"info","message":"inngest endpoint available at http://localhost:3001/api/inngest","timestamp":"2025-11-22T11:18:46.133Z"}
{"level":"info","message":"connected to mongodb atlas","timestamp":"2025-11-22T11:18:46.221Z"}
{"level":"info","message":"Server is running on PORT 3001","timestamp":"2025-11-22T11:18:46.226Z"}
{"level":"info","message":"inngest endpoint available at http://localhost:3001/api/inngest","timestamp":"2025-11-22T11:18:46.226Z"}
{"level":"info","message":"connected to mongodb atlas","timestamp":"2025-11-22T11:19:01.636Z"}
{"level":"info","message":"Server is running on PORT 3001","timestamp":"2025-11-22T11:19:01.640Z"}
{"level":"info","message":"inngest endpoint available at http://localhost:3001/api/inngest","timestamp":"2025-11-22T11:19:01.641Z"}
{"level":"info","message":"connected to mongodb atlas","timestamp":"2025-11-22T11:19:01.727Z"}
{"level":"info","message":"Server is running on PORT 3001","timestamp":"2025-11-22T11:19:01.731Z"}
{"level":"info","message":"inngest endpoint available at http://localhost:3001/api/inngest","timestamp":"2025-11-22T11:19:01.732Z"}
{"level":"info","message":"connected to mongodb atlas","timestamp":"2025-11-22T11:19:22.331Z"}
{"level":"info","message":"Server is running on PORT 3001","timestamp":"2025-11-22T11:19:22.338Z"}
{"level":"info","message":"inngest endpoint available at http://localhost:3001/api/inngest","timestamp":"2025-11-22T11:19:22.339Z"}
{"level":"info","message":"connected to mongodb atlas","timestamp":"2025-11-22T11:19:22.377Z"}
{"level":"info","message":"Server is running on PORT 3001","timestamp":"2025-11-22T11:19:22.382Z"}
{"level":"info","message":"inngest endpoint available at http://localhost:3001/api/inngest","timestamp":"2025-11-22T11:19:22.383Z"}
{"level":"info","message":"connected to mongodb atlas","timestamp":"2025-11-22T11:19:38.519Z"}
{"level":"info","message":"Server is running on PORT 3001","timestamp":"2025-11-22T11:19:38.529Z"}
{"level":"info","message":"inngest endpoint available at http://localhost:3001/api/inngest","timestamp":"2025-11-22T11:19:38.530Z"}
{"level":"info","message":"connected to mongodb atlas","timestamp":"2025-11-22T11:19:38.836Z"}
{"level":"info","message":"Server is running on PORT 3001","timestamp":"2025-11-22T11:19:38.841Z"}
{"level":"info","message":"inngest endpoint available at http://localhost:3001/api/inngest","timestamp":"2025-11-22T11:19:38.841Z"}
{"level":"info","message":"connected to mongodb atlas","timestamp":"2025-11-22T11:20:16.077Z"}
{"level":"info","message":"connected to mongodb atlas","timestamp":"2025-11-22T11:20:16.080Z"}
{"level":"info","message":"Server is running on PORT 3001","timestamp":"2025-11-22T11:20:16.082Z"}
{"level":"info","message":"inngest endpoint available at http://localhost:3001/api/inngest","timestamp":"2025-11-22T11:20:16.082Z"}
{"level":"info","message":"Server is running on PORT 3001","timestamp":"2025-11-22T11:20:16.085Z"}
{"level":"info","message":"inngest endpoint available at http://localhost:3001/api/inngest","timestamp":"2025-11-22T11:20:16.086Z"}
{"level":"info","message":"connected to mongodb atlas","timestamp":"2025-11-22T11:20:27.337Z"}
{"level":"info","message":"Server is running on PORT 3001","timestamp":"2025-11-22T11:20:27.341Z"}
{"level":"info","message":"inngest endpoint available at http://localhost:3001/api/inngest","timestamp":"2025-11-22T11:20:27.341Z"}
{"level":"info","message":"connected to mongodb atlas","timestamp":"2025-11-22T11:20:27.347Z"}
{"level":"info","message":"Server is running on PORT 3001","timestamp":"2025-11-22T11:20:27.352Z"}
{"level":"info","message":"inngest endpoint available at http://localhost:3001/api/inngest","timestamp":"2025-11-22T11:20:27.353Z"}
{"level":"info","message":"connected to mongodb atlas","timestamp":"2025-11-22T11:20:46.737Z"}
{"level":"info","message":"connected to mongodb atlas","timestamp":"2025-11-22T11:20:46.737Z"}
{"level":"info","message":"Server is running on PORT 3001","timestamp":"2025-11-22T11:20:46.743Z"}
{"level":"info","message":"inngest endpoint available at http://localhost:3001/api/inngest","timestamp":"2025-11-22T11:20:46.743Z"}
{"level":"info","message":"Server is running on PORT 3001","timestamp":"2025-11-22T11:20:46.742Z"}
{"level":"info","message":"inngest endpoint available at http://localhost:3001/api/inngest","timestamp":"2025-11-22T11:20:46.742Z"}
{"level":"info","message":"connected to mongodb atlas","timestamp":"2025-11-22T11:21:08.738Z"}
{"level":"info","message":"Server is running on PORT 3001","timestamp":"2025-11-22T11:21:08.743Z"}
{"level":"info","message":"inngest endpoint available at http://localhost:3001/api/inngest","timestamp":"2025-11-22T11:21:08.743Z"}
{"level":"info","message":"connected to mongodb atlas","timestamp":"2025-11-22T11:21:08.797Z"}
{"level":"info","message":"Server is running on PORT 3001","timestamp":"2025-11-22T11:21:08.803Z"}
{"level":"info","message":"inngest endpoint available at http://localhost:3001/api/inngest","timestamp":"2025-11-22T11:21:08.804Z"}
{"level":"info","message":"connected to mongodb atlas","timestamp":"2025-11-22T11:22:11.808Z"}
{"level":"info","message":"connected to mongodb atlas","timestamp":"2025-11-22T11:22:11.808Z"}
{"level":"info","message":"Server is running on PORT 3001","timestamp":"2025-11-22T11:22:11.812Z"}
{"level":"info","message":"inngest endpoint available at http://localhost:3001/api/inngest","timestamp":"2025-11-22T11:22:11.813Z"}
{"level":"info","message":"Server is running on PORT 3001","timestamp":"2025-11-22T11:22:11.813Z"}
{"level":"info","message":"inngest endpoint available at http://localhost:3001/api/inngest","timestamp":"2025-11-22T11:22:11.813Z"}
{"level":"info","message":"connected to mongodb atlas","timestamp":"2025-11-22T11:22:42.819Z"}
{"level":"info","message":"Server is running on PORT 3001","timestamp":"2025-11-22T11:22:42.823Z"}
{"level":"info","message":"inngest endpoint available at http://localhost:3001/api/inngest","timestamp":"2025-11-22T11:22:42.824Z"}
{"level":"info","message":"connected to mongodb atlas","timestamp":"2025-11-22T11:22:42.865Z"}
{"level":"info","message":"Server is running on PORT 3001","timestamp":"2025-11-22T11:22:42.870Z"}
{"level":"info","message":"inngest endpoint available at http://localhost:3001/api/inngest","timestamp":"2025-11-22T11:22:42.870Z"}
{"level":"info","message":"connected to mongodb atlas","timestamp":"2025-11-22T11:22:53.204Z"}
{"level":"info","message":"connected to mongodb atlas","timestamp":"2025-11-22T11:22:53.204Z"}
{"level":"info","message":"Server is running on PORT 3001","timestamp":"2025-11-22T11:22:53.208Z"}
{"level":"info","message":"inngest endpoint available at http://localhost:3001/api/inngest","timestamp":"2025-11-22T11:22:53.209Z"}
{"level":"info","message":"Server is running on PORT 3001","timestamp":"2025-11-22T11:22:53.208Z"}
{"level":"info","message":"inngest endpoint available at http://localhost:3001/api/inngest","timestamp":"2025-11-22T11:22:53.209Z"}
{"level":"info","message":"connected to mongodb atlas","timestamp":"2025-11-22T11:23:29.095Z"}
{"level":"info","message":"Server is running on PORT 3001","timestamp":"2025-11-22T11:23:29.100Z"}
{"level":"info","message":"inngest endpoint available at http://localhost:3001/api/inngest","timestamp":"2025-11-22T11:23:29.100Z"}
{"level":"info","message":"connected to mongodb atlas","timestamp":"2025-11-22T11:23:29.157Z"}
{"level":"info","message":"Server is running on PORT 3001","timestamp":"2025-11-22T11:23:29.162Z"}
{"level":"info","message":"inngest endpoint available at http://localhost:3001/api/inngest","timestamp":"2025-11-22T11:23:29.162Z"}
{"level":"info","message":"connected to mongodb atlas","timestamp":"2025-11-22T11:23:47.528Z"}
{"level":"info","message":"connected to mongodb atlas","timestamp":"2025-11-22T11:23:47.528Z"}
{"level":"info","message":"Server is running on PORT 3001","timestamp":"2025-11-22T11:23:47.534Z"}
{"level":"info","message":"inngest endpoint available at http://localhost:3001/api/inngest","timestamp":"2025-11-22T11:23:47.535Z"}
{"level":"info","message":"Server is running on PORT 3001","timestamp":"2025-11-22T11:23:47.534Z"}
{"level":"info","message":"inngest endpoint available at http://localhost:3001/api/inngest","timestamp":"2025-11-22T11:23:47.535Z"}
{"level":"info","message":"connected to mongodb atlas","timestamp":"2025-11-22T11:24:49.074Z"}
{"level":"info","message":"connected to mongodb atlas","timestamp":"2025-11-22T11:24:49.074Z"}
{"level":"info","message":"Server is running on PORT 3001","timestamp":"2025-11-22T11:24:49.081Z"}
{"level":"info","message":"inngest endpoint available at http://localhost:3001/api/inngest","timestamp":"2025-11-22T11:24:49.082Z"}
{"level":"info","message":"Server is running on PORT 3001","timestamp":"2025-11-22T11:24:49.081Z"}
{"level":"info","message":"inngest endpoint available at http://localhost:3001/api/inngest","timestamp":"2025-11-22T11:24:49.082Z"}
{"level":"info","message":"connected to mongodb atlas","timestamp":"2025-11-22T11:25:09.360Z"}
{"level":"info","message":"Server is running on PORT 3001","timestamp":"2025-11-22T11:25:09.365Z"}
{"level":"info","message":"inngest endpoint available at http://localhost:3001/api/inngest","timestamp":"2025-11-22T11:25:09.365Z"}
{"level":"info","message":"connected to mongodb atlas","timestamp":"2025-11-22T11:25:09.434Z"}
{"level":"info","message":"Server is running on PORT 3001","timestamp":"2025-11-22T11:25:09.439Z"}
{"level":"info","message":"inngest endpoint available at http://localhost:3001/api/inngest","timestamp":"2025-11-22T11:25:09.439Z"}
{"level":"info","message":"connected to mongodb atlas","timestamp":"2025-11-22T11:25:48.646Z"}
{"level":"info","message":"connected to mongodb atlas","timestamp":"2025-11-22T11:25:48.646Z"}
{"level":"info","message":"Server is running on PORT 3001","timestamp":"2025-11-22T11:25:48.651Z"}
{"level":"info","message":"inngest endpoint available at http://localhost:3001/api/inngest","timestamp":"2025-11-22T11:25:48.651Z"}
{"level":"info","message":"Server is running on PORT 3001","timestamp":"2025-11-22T11:25:48.651Z"}
{"level":"info","message":"inngest endpoint available at http://localhost:3001/api/inngest","timestamp":"2025-11-22T11:25:48.652Z"}
{"level":"info","message":"connected to mongodb atlas","timestamp":"2025-11-22T11:28:22.247Z"}
{"level":"info","message":"connected to mongodb atlas","timestamp":"2025-11-22T11:28:22.249Z"}
{"level":"info","message":"Server is running on PORT 3001","timestamp":"2025-11-22T11:28:22.253Z"}
{"level":"info","message":"inngest endpoint available at http://localhost:3001/api/inngest","timestamp":"2025-11-22T11:28:22.254Z"}
{"level":"info","message":"Server is running on PORT 3001","timestamp":"2025-11-22T11:28:22.256Z"}
{"level":"info","message":"inngest endpoint available at http://localhost:3001/api/inngest","timestamp":"2025-11-22T11:28:22.257Z"}
{"level":"info","message":"connected to mongodb atlas","timestamp":"2025-11-22T11:30:56.461Z"}
{"level":"info","message":"connected to mongodb atlas","timestamp":"2025-11-22T11:30:56.467Z"}
{"level":"info","message":"Server is running on PORT 3001","timestamp":"2025-11-22T11:30:56.473Z"}
{"level":"info","message":"inngest endpoint available at http://localhost:3001/api/inngest","timestamp":"2025-11-22T11:30:56.474Z"}
{"level":"info","message":"Server is running on PORT 3001","timestamp":"2025-11-22T11:30:56.476Z"}
{"level":"info","message":"inngest endpoint available at http://localhost:3001/api/inngest","timestamp":"2025-11-22T11:30:56.477Z"}
{"level":"info","message":"connected to mongodb atlas","timestamp":"2025-11-22T11:31:25.096Z"}
{"level":"info","message":"Server is running on PORT 3001","timestamp":"2025-11-22T11:31:25.100Z"}
{"level":"info","message":"inngest endpoint available at http://localhost:3001/api/inngest","timestamp":"2025-11-22T11:31:25.101Z"}
{"level":"info","message":"connected to mongodb atlas","timestamp":"2025-11-22T11:40:18.079Z"}
{"level":"info","message":"connected to mongodb atlas","timestamp":"2025-11-22T11:40:18.088Z"}
{"level":"info","message":"Server is running on port 3001","timestamp":"2025-11-22T11:40:18.085Z"}
{"level":"info","message":"Inngest endpoint available at http://localhost:3001/api/inngest","timestamp":"2025-11-22T11:40:18.085Z"}
{"level":"info","message":"Server is running on port 3001","timestamp":"2025-11-22T11:40:18.094Z"}
{"level":"info","message":"Inngest endpoint available at http://localhost:3001/api/inngest","timestamp":"2025-11-22T11:40:18.094Z"}
{"level":"info","message":"connected to mongodb atlas","timestamp":"2025-11-22T11:40:28.662Z"}
{"level":"info","message":"Server is running on port 3001","timestamp":"2025-11-22T11:40:28.666Z"}
{"level":"info","message":"Inngest endpoint available at http://localhost:3001/api/inngest","timestamp":"2025-11-22T11:40:28.667Z"}
{"level":"info","message":"connected to mongodb atlas","timestamp":"2025-11-22T11:41:58.108Z"}
{"level":"info","message":"Server is running on port 3001","timestamp":"2025-11-22T11:41:58.113Z"}
{"level":"info","message":"Inngest endpoint available at http://localhost:3001/api/inngest","timestamp":"2025-11-22T11:41:58.113Z"}
{"level":"info","message":"connected to mongodb atlas","timestamp":"2025-11-22T11:41:58.150Z"}
{"level":"info","message":"connected to mongodb atlas","timestamp":"2025-11-22T11:41:58.150Z"}
{"level":"info","message":"Server is running on port 3001","timestamp":"2025-11-22T11:41:58.158Z"}
{"level":"info","message":"Inngest endpoint available at http://localhost:3001/api/inngest","timestamp":"2025-11-22T11:41:58.159Z"}
{"level":"info","message":"Server is running on port 3001","timestamp":"2025-11-22T11:41:58.158Z"}
{"level":"info","message":"Inngest endpoint available at http://localhost:3001/api/inngest","timestamp":"2025-11-22T11:41:58.159Z"}
{"level":"info","message":"connected to mongodb atlas","timestamp":"2025-11-22T11:42:31.609Z"}
{"level":"info","message":"Server is running on port 3001","timestamp":"2025-11-22T11:42:31.615Z"}
{"level":"info","message":"Inngest endpoint available at http://localhost:3001/api/inngest","timestamp":"2025-11-22T11:42:31.615Z"}
{"level":"info","message":"connected to mongodb atlas","timestamp":"2025-11-22T11:42:31.747Z"}
{"level":"info","message":"Server is running on port 3001","timestamp":"2025-11-22T11:42:31.752Z"}
{"level":"info","message":"Inngest endpoint available at http://localhost:3001/api/inngest","timestamp":"2025-11-22T11:42:31.753Z"}
{"level":"info","message":"connected to mongodb atlas","timestamp":"2025-11-22T11:42:31.821Z"}
{"level":"info","message":"Server is running on port 3001","timestamp":"2025-11-22T11:42:31.826Z"}
{"level":"info","message":"Inngest endpoint available at http://localhost:3001/api/inngest","timestamp":"2025-11-22T11:42:31.826Z"}
{"level":"info","message":"connected to mongodb atlas","timestamp":"2025-11-22T11:43:48.337Z"}
{"level":"info","message":"Server is running on port 3001","timestamp":"2025-11-22T11:43:48.341Z"}
{"level":"info","message":"Inngest endpoint available at http://localhost:3001/api/inngest","timestamp":"2025-11-22T11:43:48.342Z"}
{"level":"info","message":"connected to mongodb atlas","timestamp":"2025-11-22T11:43:48.357Z"}
{"level":"info","message":"connected to mongodb atlas","timestamp":"2025-11-22T11:43:48.357Z"}
{"level":"info","message":"Server is running on port 3001","timestamp":"2025-11-22T11:43:48.361Z"}
{"level":"info","message":"Inngest endpoint available at http://localhost:3001/api/inngest","timestamp":"2025-11-22T11:43:48.362Z"}
{"level":"info","message":"Server is running on port 3001","timestamp":"2025-11-22T11:43:48.361Z"}
{"level":"info","message":"Inngest endpoint available at http://localhost:3001/api/inngest","timestamp":"2025-11-22T11:43:48.362Z"}
{"level":"error","message":"error while authenticating token","timestamp":"2025-11-22T11:44:29.904Z"}
{"level":"error","message":"error while authenticating token","timestamp":"2025-11-22T11:44:29.915Z"}
{"level":"error","message":"error while authenticating token","timestamp":"2025-11-22T11:44:29.923Z"}
{"level":"info","message":"connected to mongodb atlas","timestamp":"2025-11-22T11:44:59.629Z"}
{"level":"info","message":"connected to mongodb atlas","timestamp":"2025-11-22T11:44:59.629Z"}
{"level":"info","message":"Server is running on port 3001","timestamp":"2025-11-22T11:44:59.634Z"}
{"level":"info","message":"Inngest endpoint available at http://localhost:3001/api/inngest","timestamp":"2025-11-22T11:44:59.634Z"}
{"level":"info","message":"Server is running on port 3001","timestamp":"2025-11-22T11:44:59.634Z"}
{"level":"info","message":"Inngest endpoint available at http://localhost:3001/api/inngest","timestamp":"2025-11-22T11:44:59.634Z"}
{"level":"info","message":"connected to mongodb atlas","timestamp":"2025-11-22T11:44:59.742Z"}
{"level":"info","message":"Server is running on port 3001","timestamp":"2025-11-22T11:44:59.746Z"}
{"level":"info","message":"Inngest endpoint available at http://localhost:3001/api/inngest","timestamp":"2025-11-22T11:44:59.747Z"}
{"level":"info","message":"Processing message: I am feeling a bit anxious today.","sessionId":"7dedee3c-6b85-40c3-8c94-212ab185fa6d","timestamp":"2025-11-22T11:45:06.162Z"}
{"event":{"data":{"goals":[],"history":[],"memory":{"sessionContext":{"conversationThemes":[],"currentTechnique":null},"userProfile":{"emotionalState":[],"preferences":{},"riskLevel":0}},"message":"I am feeling a bit anxious today.","systemPrompt":"You are an AI therapist assistant. Your role is to:\n        1. Provide empathetic and supportive responses\n        2. Use evidence-based therapeutic techniques\n        3. Maintain professional boundaries\n        4. Monitor for risk factors\n        5. Guide users toward their therapeutic goals"},"name":"therapy/session.message"},"level":"info","message":"Sending message to Inngest:","timestamp":"2025-11-22T11:45:06.201Z"}
{"emotionalState":"Anxious","level":"info","message":"Message analysis:","progressIndicators":["Reduction in anxiety levels reported by the user","Identification of anxiety triggers","Use of coping mechanisms"],"recommendedApproach":"Acknowledge the anxiety, explore potential triggers, and suggest coping mechanisms like deep breathing or mindfulness. Since riskLevel is low and userProfile is empty, start with general techniques.","riskLevel":0,"themes":["Anxiety"],"timestamp":"2025-11-22T11:45:11.075Z"}
{"level":"info","message":"Generated response:","timestamp":"2025-11-22T11:45:13.128Z"}
{"level":"info","message":"Session updated successfully:","sessionId":"7dedee3c-6b85-40c3-8c94-212ab185fa6d","timestamp":"2025-11-22T11:45:13.180Z"}
{"level":"info","message":"Mood entry created for user 6921a241a90500c8917b2e36","timestamp":"2025-11-22T11:45:13.377Z"}
{"level":"info","message":"Mood update event sent successfully","timestamp":"2025-11-22T11:45:15.577Z"}
{"level":"info","message":"Activity logged for user 6921a241a90500c8917b2e36","timestamp":"2025-11-22T11:45:15.704Z"}
{"level":"info","message":"Activity completion event sent successfully","timestamp":"2025-11-22T11:45:16.036Z"}
{"level":"info","message":"connected to mongodb atlas","timestamp":"2025-11-22T11:46:12.767Z"}
{"level":"info","message":"Server is running on port 3001","timestamp":"2025-11-22T11:46:12.773Z"}
{"level":"info","message":"Inngest endpoint available at http://localhost:3001/api/inngest","timestamp":"2025-11-22T11:46:12.774Z"}
{"level":"info","message":"connected to mongodb atlas","timestamp":"2025-11-22T11:46:12.824Z"}
{"level":"info","message":"connected to mongodb atlas","timestamp":"2025-11-22T11:46:12.824Z"}
{"level":"info","message":"Server is running on port 3001","timestamp":"2025-11-22T11:46:12.829Z"}
{"level":"info","message":"Inngest endpoint available at http://localhost:3001/api/inngest","timestamp":"2025-11-22T11:46:12.830Z"}
{"level":"info","message":"Server is running on port 3001","timestamp":"2025-11-22T11:46:12.829Z"}
{"level":"info","message":"Inngest endpoint available at http://localhost:3001/api/inngest","timestamp":"2025-11-22T11:46:12.830Z"}
